# JRE version: OpenJDK Runtime Environment Corretto-17.0.5.8.1 (17.0.5+8) (build 17.0.5+8-LTS)
# Java VM: OpenJDK 64-Bit Server VM Corretto-17.0.5.8.1 (17.0.5+8-LTS, mixed mode, sharing, tiered, compressed oops, compressed class ptrs, g1 gc, windows-amd64)
GC Precious Log:
 CPUs: 8 total, 8 available
 Memory: 15777M
 Large Page Support: Disabled
 NUMA Support: Disabled
 Compressed Oops: Enabled (Zero based)
 Heap Region Size: 2M
 Heap Min Capacity: 8M
 Heap Initial Capacity: 248M
 Heap Max Capacity: 3946M
 Pre-touch: Disabled
 Parallel Workers: 8
 Concurrent Workers: 2
 Concurrent Refinement Workers: 8
 Periodic GC: Disabled
Heap:
 garbage-first heap   total 75776K, used 31900K [0x0000000709600000, 0x0000000800000000)
  region size 2048K, 4 young (8192K), 2 survivors (4096K)
 Metaspace       used 65891K, committed 66368K, reserved 1114112K
  class space    used 8693K, committed 8896K, reserved 1048576K
GC Heap History (20 events):
Event: 3.505 GC heap before
{Heap before GC invocations=6 (full 0):
 garbage-first heap   total 55296K, used 34601K [0x0000000709600000, 0x0000000800000000)
  region size 2048K, 11 young (22528K), 1 survivors (2048K)
 Metaspace       used 30276K, committed 30592K, reserved 1081344K
  class space    used 3905K, committed 4032K, reserved 1048576K
}
Event: 3.512 GC heap after
{Heap after GC invocations=7 (full 0):
 garbage-first heap   total 155648K, used 16076K [0x0000000709600000, 0x0000000800000000)
  region size 2048K, 2 young (4096K), 2 survivors (4096K)
 Metaspace       used 30276K, committed 30592K, reserved 1081344K
  class space    used 3905K, committed 4032K, reserved 1048576K
}
Event: 4.158 GC heap before
{Heap before GC invocations=7 (full 0):
 garbage-first heap   total 155648K, used 42700K [0x0000000709600000, 0x0000000800000000)
  region size 2048K, 16 young (32768K), 2 survivors (4096K)
 Metaspace       used 35933K, committed 36160K, reserved 1081344K
  class space    used 4579K, committed 4672K, reserved 1048576K
}
Event: 4.163 GC heap after
{Heap after GC invocations=8 (full 0):
 garbage-first heap   total 155648K, used 18350K [0x0000000709600000, 0x0000000800000000)
  region size 2048K, 3 young (6144K), 3 survivors (6144K)
 Metaspace       used 35933K, committed 36160K, reserved 1081344K
  class space    used 4579K, committed 4672K, reserved 1048576K
}
Event: 5.154 GC heap before
{Heap before GC invocations=9 (full 0):
 garbage-first heap   total 75776K, used 57262K [0x0000000709600000, 0x0000000800000000)
  region size 2048K, 22 young (45056K), 3 survivors (6144K)
 Metaspace       used 44984K, committed 45248K, reserved 1089536K
  class space    used 5993K, committed 6144K, reserved 1048576K
}
Event: 5.160 GC heap after
{Heap after GC invocations=10 (full 0):
 garbage-first heap   total 75776K, used 21480K [0x0000000709600000, 0x0000000800000000)
  region size 2048K, 3 young (6144K), 3 survivors (6144K)
 Metaspace       used 44984K, committed 45248K, reserved 1089536K
  class space    used 5993K, committed 6144K, reserved 1048576K
}
Event: 5.188 GC heap before
{Heap before GC invocations=10 (full 0):
 garbage-first heap   total 75776K, used 23528K [0x0000000709600000, 0x0000000800000000)
  region size 2048K, 4 young (8192K), 3 survivors (6144K)
 Metaspace       used 45030K, committed 45376K, reserved 1089536K
  class space    used 5993K, committed 6144K, reserved 1048576K
}
Event: 5.194 GC heap after
{Heap after GC invocations=11 (full 0):
 garbage-first heap   total 75776K, used 21548K [0x0000000709600000, 0x0000000800000000)
  region size 2048K, 1 young (2048K), 1 survivors (2048K)
 Metaspace       used 45030K, committed 45376K, reserved 1089536K
  class space    used 5993K, committed 6144K, reserved 1048576K
}
Event: 5.933 GC heap before
{Heap before GC invocations=11 (full 0):
 garbage-first heap   total 75776K, used 50220K [0x0000000709600000, 0x0000000800000000)
  region size 2048K, 16 young (32768K), 1 survivors (2048K)
 Metaspace       used 50400K, committed 50752K, reserved 1097728K
  class space    used 6803K, committed 6976K, reserved 1048576K
}
Event: 5.936 GC heap after
{Heap after GC invocations=12 (full 0):
 garbage-first heap   total 75776K, used 23164K [0x0000000709600000, 0x0000000800000000)
  region size 2048K, 2 young (4096K), 2 survivors (4096K)
 Metaspace       used 50400K, committed 50752K, reserved 1097728K
  class space    used 6803K, committed 6976K, reserved 1048576K
}
Event: 6.560 GC heap before
{Heap before GC invocations=12 (full 0):
 garbage-first heap   total 75776K, used 53884K [0x0000000709600000, 0x0000000800000000)
  region size 2048K, 17 young (34816K), 2 survivors (4096K)
 Metaspace       used 54324K, committed 54720K, reserved 1097728K
  class space    used 7309K, committed 7488K, reserved 1048576K
}
Event: 6.565 GC heap after
{Heap after GC invocations=13 (full 0):
 garbage-first heap   total 75776K, used 25325K [0x0000000709600000, 0x0000000800000000)
  region size 2048K, 3 young (6144K), 3 survivors (6144K)
 Metaspace       used 54324K, committed 54720K, reserved 1097728K
  class space    used 7309K, committed 7488K, reserved 1048576K
}
Event: 70.165 GC heap before
{Heap before GC invocations=13 (full 0):
 garbage-first heap   total 75776K, used 53997K [0x0000000709600000, 0x0000000800000000)
  region size 2048K, 17 young (34816K), 3 survivors (6144K)
 Metaspace       used 58204K, committed 58560K, reserved 1105920K
  class space    used 7850K, committed 8000K, reserved 1048576K
}
Event: 70.171 GC heap after
{Heap after GC invocations=14 (full 0):
 garbage-first heap   total 75776K, used 27672K [0x0000000709600000, 0x0000000800000000)
  region size 2048K, 3 young (6144K), 3 survivors (6144K)
 Metaspace       used 58204K, committed 58560K, reserved 1105920K
  class space    used 7850K, committed 8000K, reserved 1048576K
}
Event: 124.446 GC heap before
{Heap before GC invocations=14 (full 0):
 garbage-first heap   total 75776K, used 31768K [0x0000000709600000, 0x0000000800000000)
  region size 2048K, 7 young (14336K), 3 survivors (6144K)
 Metaspace       used 60278K, committed 60608K, reserved 1105920K
  class space    used 8099K, committed 8256K, reserved 1048576K
}
Event: 124.451 GC heap after
{Heap after GC invocations=15 (full 0):
 garbage-first heap   total 75776K, used 28380K [0x0000000709600000, 0x0000000800000000)
  region size 2048K, 2 young (4096K), 2 survivors (4096K)
 Metaspace       used 60278K, committed 60608K, reserved 1105920K
  class space    used 8099K, committed 8256K, reserved 1048576K
}
Event: 4267.469 GC heap before
{Heap before GC invocations=16 (full 0):
 garbage-first heap   total 75776K, used 57052K [0x0000000709600000, 0x0000000800000000)
  region size 2048K, 16 young (32768K), 2 survivors (4096K)
 Metaspace       used 64813K, committed 65216K, reserved 1105920K
  class space    used 8619K, committed 8832K, reserved 1048576K
}
Event: 4267.508 GC heap after
{Heap after GC invocations=17 (full 0):
 garbage-first heap   total 75776K, used 29854K [0x0000000709600000, 0x0000000800000000)
  region size 2048K, 2 young (4096K), 2 survivors (4096K)
 Metaspace       used 64813K, committed 65216K, reserved 1105920K
  class space    used 8619K, committed 8832K, reserved 1048576K
}
Event: 11684.724 GC heap before
{Heap before GC invocations=17 (full 0):
 garbage-first heap   total 75776K, used 56478K [0x0000000709600000, 0x0000000800000000)
  region size 2048K, 15 young (30720K), 2 survivors (4096K)
 Metaspace       used 65879K, committed 66368K, reserved 1114112K
  class space    used 8693K, committed 8896K, reserved 1048576K
}
Event: 11684.764 GC heap after
{Heap after GC invocations=18 (full 0):
 garbage-first heap   total 75776K, used 29852K [0x0000000709600000, 0x0000000800000000)
  region size 2048K, 2 young (4096K), 2 survivors (4096K)
 Metaspace       used 65879K, committed 66368K, reserved 1114112K
  class space    used 8693K, committed 8896K, reserved 1048576K
}

